info: Microsoft.AspNetCore.DataProtection.KeyManagement.XmlKeyManager[0]
      User profile is available. Using 'C:\Users\Gutic\AppData\Local\ASP.NET\DataProtection-Keys' as key repository and Windows DPAPI to encrypt keys at rest.
Hosting environment: Development
Content root path: D:\Repos\GamingRoomSolution\GamingRoom
Now listening on: http://127.0.0.1:37702
Application started. Press Ctrl+C to shut down.
info: Microsoft.AspNetCore.Hosting.Internal.WebHost[1]
      Request starting HTTP/1.1 DEBUG http://localhost:30000/  0
info: Microsoft.AspNetCore.Hosting.Internal.WebHost[1]
      Request starting HTTP/1.1 GET http://localhost:30000/swagger/index.html  
info: Microsoft.AspNetCore.Hosting.Internal.WebHost[2]
      Request finished in 33.6544ms 200 
info: Microsoft.AspNetCore.Hosting.Internal.WebHost[2]
      Request finished in 161.0035ms 200 text/html
info: Microsoft.AspNetCore.Hosting.Internal.WebHost[1]
      Request starting HTTP/1.1 GET http://localhost:30000/swagger/v1/swagger.json  
info: Microsoft.AspNetCore.Hosting.Internal.WebHost[2]
      Request finished in 208.4282ms 200 application/json;charset=utf-8
info: Microsoft.AspNetCore.Hosting.Internal.WebHost[1]
      Request starting HTTP/1.1 POST http://localhost:30000/api/Transfer application/json 44
warn: Microsoft.AspNetCore.HttpsPolicy.HttpsRedirectionMiddleware[3]
      Failed to determine the https port for redirect.
info: Microsoft.AspNetCore.Routing.EndpointMiddleware[0]
      Executing endpoint 'GamingRoom.Controllers.TransferController.Post (GamingRoom)'
info: Microsoft.AspNetCore.Mvc.Internal.ControllerActionInvoker[1]
      Route matched with {action = "Post", controller = "Transfer"}. Executing action GamingRoom.Controllers.TransferController.Post (GamingRoom)
info: Microsoft.EntityFrameworkCore.Infrastructure[10403]
      Entity Framework Core 2.2.2-servicing-10034 initialized 'GamingRoomContext' using provider 'Microsoft.EntityFrameworkCore.SqlServer' with options: None
info: Microsoft.EntityFrameworkCore.Database.Command[20101]
      Executed DbCommand (49ms) [Parameters=[], CommandType='Text', CommandTimeout='30']
      SELECT [x].[Id], [x].[AddedFromLastBonus], [x].[Coins], [x].[Email], [x].[FirstName], [x].[LastName], [x].[Password], [x].[Salt], [x].[Token], [x].[Username]
      FROM [Users] AS [x]
      ORDER BY [x].[Id]
info: Microsoft.EntityFrameworkCore.Database.Command[20101]
      Executed DbCommand (49ms) [Parameters=[], CommandType='Text', CommandTimeout='30']
      SELECT [x.Outgoing].[Id], [x.Outgoing].[Coins], [x.Outgoing].[ReceiverId], [x.Outgoing].[SenderId], [x.Outgoing].[TransferDate]
      FROM [Transfers] AS [x.Outgoing]
      INNER JOIN (
          SELECT [x0].[Id]
          FROM [Users] AS [x0]
      ) AS [t] ON [x.Outgoing].[SenderId] = [t].[Id]
      ORDER BY [t].[Id]
info: Microsoft.EntityFrameworkCore.Database.Command[20101]
      Executed DbCommand (52ms) [Parameters=[], CommandType='Text', CommandTimeout='30']
      SELECT [x.Incoming].[Id], [x.Incoming].[Coins], [x.Incoming].[ReceiverId], [x.Incoming].[SenderId], [x.Incoming].[TransferDate]
      FROM [Transfers] AS [x.Incoming]
      INNER JOIN (
          SELECT [x1].[Id]
          FROM [Users] AS [x1]
      ) AS [t0] ON [x.Incoming].[ReceiverId] = [t0].[Id]
      ORDER BY [t0].[Id]
info: Microsoft.EntityFrameworkCore.Database.Command[20101]
      Executed DbCommand (47ms) [Parameters=[], CommandType='Text', CommandTimeout='30']
      SELECT [x].[Id], [x].[Coins], [x].[ReceiverId], [x].[SenderId], [x].[TransferDate], [x.Sender].[Id], [x.Sender].[AddedFromLastBonus], [x.Sender].[Coins], [x.Sender].[Email], [x.Sender].[FirstName], [x.Sender].[LastName], [x.Sender].[Password], [x.Sender].[Salt], [x.Sender].[Token], [x.Sender].[Username], [x.Receiver].[Id], [x.Receiver].[AddedFromLastBonus], [x.Receiver].[Coins], [x.Receiver].[Email], [x.Receiver].[FirstName], [x.Receiver].[LastName], [x.Receiver].[Password], [x.Receiver].[Salt], [x.Receiver].[Token], [x.Receiver].[Username]
      FROM [Transfers] AS [x]
      INNER JOIN [Users] AS [x.Sender] ON [x].[SenderId] = [x.Sender].[Id]
      INNER JOIN [Users] AS [x.Receiver] ON [x].[ReceiverId] = [x.Receiver].[Id]
info: Microsoft.EntityFrameworkCore.Database.Command[20101]
      Executed DbCommand (46ms) [Parameters=[], CommandType='Text', CommandTimeout='30']
      SELECT [x].[Id], [x].[Code], [x].[Coins], [x].[Hours], [x].[TransactionDate], [x].[UserId], [x.User].[Id], [x.User].[AddedFromLastBonus], [x.User].[Coins], [x.User].[Email], [x.User].[FirstName], [x.User].[LastName], [x.User].[Password], [x.User].[Salt], [x.User].[Token], [x.User].[Username]
      FROM [Transactions] AS [x]
      INNER JOIN [Users] AS [x.User] ON [x].[UserId] = [x.User].[Id]
info: Microsoft.EntityFrameworkCore.Database.Command[20101]
      Executed DbCommand (40ms) [Parameters=[], CommandType='Text', CommandTimeout='30']
      SELECT [x].[Id], [x].[DateExpired], [x].[GeneratedCode], [x].[UserId], [x.User].[Id], [x.User].[AddedFromLastBonus], [x.User].[Coins], [x.User].[Email], [x.User].[FirstName], [x.User].[LastName], [x.User].[Password], [x.User].[Salt], [x.User].[Token], [x.User].[Username]
      FROM [Codes] AS [x]
      INNER JOIN [Users] AS [x.User] ON [x].[UserId] = [x.User].[Id]
info: Microsoft.AspNetCore.Mvc.Internal.ControllerActionInvoker[1]
      Executing action method GamingRoom.Controllers.TransferController.Post (GamingRoom) with arguments (GaminRoom.Domain.Dto.TransferDto) - Validation state: Valid
info: Microsoft.EntityFrameworkCore.Database.Command[20101]
      Executed DbCommand (44ms) [Parameters=[@p0='?' (DbType = Int32), @p1='?' (DbType = Int32), @p2='?' (DbType = Int32), @p3='?' (DbType = DateTime2)], CommandType='Text', CommandTimeout='30']
      SET NOCOUNT ON;
      INSERT INTO [Transfers] ([Coins], [ReceiverId], [SenderId], [TransferDate])
      VALUES (@p0, @p1, @p2, @p3);
      SELECT [Id]
      FROM [Transfers]
      WHERE @@ROWCOUNT = 1 AND [Id] = scope_identity();
info: Microsoft.EntityFrameworkCore.Database.Command[20101]
      Executed DbCommand (42ms) [Parameters=[@p9='?' (DbType = Int32), @p0='?' (DbType = Int32), @p1='?' (DbType = Int32), @p2='?' (Size = 4000), @p3='?' (Size = 4000), @p4='?' (Size = 4000), @p5='?' (Size = 4000), @p6='?' (Size = 8000) (DbType = Binary), @p7='?' (Size = 4000), @p8='?' (Size = 4000)], CommandType='Text', CommandTimeout='30']
      SET NOCOUNT ON;
      UPDATE [Users] SET [AddedFromLastBonus] = @p0, [Coins] = @p1, [Email] = @p2, [FirstName] = @p3, [LastName] = @p4, [Password] = @p5, [Salt] = @p6, [Token] = @p7, [Username] = @p8
      WHERE [Id] = @p9;
      SELECT @@ROWCOUNT;
info: Microsoft.EntityFrameworkCore.Database.Command[20101]
      Executed DbCommand (50ms) [Parameters=[@p9='?' (DbType = Int32), @p0='?' (DbType = Int32), @p1='?' (DbType = Int32), @p2='?' (Size = 4000), @p3='?' (Size = 4000), @p4='?' (Size = 4000), @p5='?' (Size = 4000), @p6='?' (Size = 8000) (DbType = Binary), @p7='?' (Size = 4000), @p8='?' (Size = 4000)], CommandType='Text', CommandTimeout='30']
      SET NOCOUNT ON;
      UPDATE [Users] SET [AddedFromLastBonus] = @p0, [Coins] = @p1, [Email] = @p2, [FirstName] = @p3, [LastName] = @p4, [Password] = @p5, [Salt] = @p6, [Token] = @p7, [Username] = @p8
      WHERE [Id] = @p9;
      SELECT @@ROWCOUNT;
info: Microsoft.AspNetCore.Mvc.Internal.ControllerActionInvoker[2]
      Executed action method GamingRoom.Controllers.TransferController.Post (GamingRoom), returned result Microsoft.AspNetCore.Mvc.OkResult in 2304.2274ms.
info: Microsoft.AspNetCore.Mvc.StatusCodeResult[1]
      Executing HttpStatusCodeResult, setting HTTP status code 200
info: Microsoft.AspNetCore.Mvc.Internal.ControllerActionInvoker[2]
      Executed action GamingRoom.Controllers.TransferController.Post (GamingRoom) in 4858.9473ms
info: Microsoft.AspNetCore.Routing.EndpointMiddleware[1]
      Executed endpoint 'GamingRoom.Controllers.TransferController.Post (GamingRoom)'
info: Microsoft.AspNetCore.Hosting.Internal.WebHost[2]
      Request finished in 4948.2235ms 200 
