info: Microsoft.AspNetCore.DataProtection.KeyManagement.XmlKeyManager[0]
      User profile is available. Using 'C:\Users\Gutic\AppData\Local\ASP.NET\DataProtection-Keys' as key repository and Windows DPAPI to encrypt keys at rest.
Hosting environment: Development
Content root path: D:\Repos\GamingRoomSolution\GamingRoom
Now listening on: http://127.0.0.1:21237
Application started. Press Ctrl+C to shut down.
info: Microsoft.AspNetCore.Hosting.Internal.WebHost[1]
      Request starting HTTP/1.1 GET http://localhost:30000/swagger/index.html  
info: Microsoft.AspNetCore.Hosting.Internal.WebHost[1]
      Request starting HTTP/1.1 DEBUG http://localhost:30000/  0
info: Microsoft.AspNetCore.Hosting.Internal.WebHost[2]
      Request finished in 37.7755ms 200 
info: Microsoft.AspNetCore.Hosting.Internal.WebHost[2]
      Request finished in 174.7877ms 200 text/html
info: Microsoft.AspNetCore.Hosting.Internal.WebHost[1]
      Request starting HTTP/1.1 GET http://localhost:30000/swagger/v1/swagger.json  
info: Microsoft.AspNetCore.Hosting.Internal.WebHost[2]
      Request finished in 183.899ms 200 application/json;charset=utf-8
info: Microsoft.AspNetCore.Hosting.Internal.WebHost[1]
      Request starting HTTP/1.1 GET http://localhost:30000/api/Transfer  
warn: Microsoft.AspNetCore.HttpsPolicy.HttpsRedirectionMiddleware[3]
      Failed to determine the https port for redirect.
info: Microsoft.AspNetCore.Routing.EndpointMiddleware[0]
      Executing endpoint 'GamingRoom.Controllers.TransferController.Get (GamingRoom)'
info: Microsoft.AspNetCore.Mvc.Internal.ControllerActionInvoker[1]
      Route matched with {action = "Get", controller = "Transfer"}. Executing action GamingRoom.Controllers.TransferController.Get (GamingRoom)
info: Microsoft.EntityFrameworkCore.Infrastructure[10403]
      Entity Framework Core 2.2.2-servicing-10034 initialized 'GamingRoomContext' using provider 'Microsoft.EntityFrameworkCore.SqlServer' with options: None
info: Microsoft.EntityFrameworkCore.Database.Command[20101]
      Executed DbCommand (52ms) [Parameters=[], CommandType='Text', CommandTimeout='30']
      SELECT [x].[Id], [x].[AddedFromLastBonus], [x].[Coins], [x].[Email], [x].[FirstName], [x].[LastName], [x].[Password], [x].[Salt], [x].[Token], [x].[Username]
      FROM [Users] AS [x]
      ORDER BY [x].[Id]
info: Microsoft.EntityFrameworkCore.Database.Command[20101]
      Executed DbCommand (54ms) [Parameters=[], CommandType='Text', CommandTimeout='30']
      SELECT [x.Outgoing].[Id], [x.Outgoing].[Coins], [x.Outgoing].[ReceiverId], [x.Outgoing].[SenderId], [x.Outgoing].[TransferDate]
      FROM [Transfers] AS [x.Outgoing]
      INNER JOIN (
          SELECT [x0].[Id]
          FROM [Users] AS [x0]
      ) AS [t] ON [x.Outgoing].[SenderId] = [t].[Id]
      ORDER BY [t].[Id]
info: Microsoft.EntityFrameworkCore.Database.Command[20101]
      Executed DbCommand (45ms) [Parameters=[], CommandType='Text', CommandTimeout='30']
      SELECT [x.Incoming].[Id], [x.Incoming].[Coins], [x.Incoming].[ReceiverId], [x.Incoming].[SenderId], [x.Incoming].[TransferDate]
      FROM [Transfers] AS [x.Incoming]
      INNER JOIN (
          SELECT [x1].[Id]
          FROM [Users] AS [x1]
      ) AS [t0] ON [x.Incoming].[ReceiverId] = [t0].[Id]
      ORDER BY [t0].[Id]
info: Microsoft.EntityFrameworkCore.Database.Command[20101]
      Executed DbCommand (58ms) [Parameters=[], CommandType='Text', CommandTimeout='30']
      SELECT [x].[Id], [x].[Coins], [x].[ReceiverId], [x].[SenderId], [x].[TransferDate], [x.Sender].[Id], [x.Sender].[AddedFromLastBonus], [x.Sender].[Coins], [x.Sender].[Email], [x.Sender].[FirstName], [x.Sender].[LastName], [x.Sender].[Password], [x.Sender].[Salt], [x.Sender].[Token], [x.Sender].[Username], [x.Receiver].[Id], [x.Receiver].[AddedFromLastBonus], [x.Receiver].[Coins], [x.Receiver].[Email], [x.Receiver].[FirstName], [x.Receiver].[LastName], [x.Receiver].[Password], [x.Receiver].[Salt], [x.Receiver].[Token], [x.Receiver].[Username]
      FROM [Transfers] AS [x]
      INNER JOIN [Users] AS [x.Sender] ON [x].[SenderId] = [x.Sender].[Id]
      INNER JOIN [Users] AS [x.Receiver] ON [x].[ReceiverId] = [x.Receiver].[Id]
info: Microsoft.EntityFrameworkCore.Database.Command[20101]
      Executed DbCommand (43ms) [Parameters=[], CommandType='Text', CommandTimeout='30']
      SELECT [x].[Id], [x].[Code], [x].[Coins], [x].[Hours], [x].[TransactionDate], [x].[UserId], [x.User].[Id], [x.User].[AddedFromLastBonus], [x.User].[Coins], [x.User].[Email], [x.User].[FirstName], [x.User].[LastName], [x.User].[Password], [x.User].[Salt], [x.User].[Token], [x.User].[Username]
      FROM [Transactions] AS [x]
      INNER JOIN [Users] AS [x.User] ON [x].[UserId] = [x.User].[Id]
info: Microsoft.EntityFrameworkCore.Database.Command[20101]
      Executed DbCommand (50ms) [Parameters=[], CommandType='Text', CommandTimeout='30']
      SELECT [x].[Id], [x].[DateExpired], [x].[GeneratedCode], [x].[UserId], [x.User].[Id], [x.User].[AddedFromLastBonus], [x.User].[Coins], [x.User].[Email], [x.User].[FirstName], [x.User].[LastName], [x.User].[Password], [x.User].[Salt], [x.User].[Token], [x.User].[Username]
      FROM [Codes] AS [x]
      INNER JOIN [Users] AS [x.User] ON [x].[UserId] = [x.User].[Id]
info: Microsoft.AspNetCore.Mvc.Internal.ControllerActionInvoker[1]
      Executing action method GamingRoom.Controllers.TransferController.Get (GamingRoom) - Validation state: Valid
info: Microsoft.AspNetCore.Mvc.Internal.ControllerActionInvoker[2]
      Executed action method GamingRoom.Controllers.TransferController.Get (GamingRoom), returned result Microsoft.AspNetCore.Mvc.ObjectResult in 1.0342ms.
info: Microsoft.AspNetCore.Mvc.Infrastructure.ObjectResultExecutor[1]
      Executing ObjectResult, writing value of type 'System.Collections.Generic.List`1[[GaminRoom.Domain.Models.Transfer, GaminRoom.Domain, Version=1.0.0.0, Culture=neutral, PublicKeyToken=null]]'.
info: Microsoft.AspNetCore.Mvc.Internal.ControllerActionInvoker[2]
      Executed action GamingRoom.Controllers.TransferController.Get (GamingRoom) in 3911.7458ms
info: Microsoft.AspNetCore.Routing.EndpointMiddleware[1]
      Executed endpoint 'GamingRoom.Controllers.TransferController.Get (GamingRoom)'
fail: Microsoft.AspNetCore.Diagnostics.DeveloperExceptionPageMiddleware[1]
      An unhandled exception has occurred while executing the request.
Newtonsoft.Json.JsonSerializationException: Self referencing loop detected with type 'GaminRoom.Domain.Models.Transfer'. Path '[0].receiver.incoming'.
   at Newtonsoft.Json.Serialization.JsonSerializerInternalWriter.CheckForCircularReference(JsonWriter writer, Object value, JsonProperty property, JsonContract contract, JsonContainerContract containerContract, JsonProperty containerProperty)
   at Newtonsoft.Json.Serialization.JsonSerializerInternalWriter.SerializeList(JsonWriter writer, IEnumerable values, JsonArrayContract contract, JsonProperty member, JsonContainerContract collectionContract, JsonProperty containerProperty)
   at Newtonsoft.Json.Serialization.JsonSerializerInternalWriter.SerializeValue(JsonWriter writer, Object value, JsonContract valueContract, JsonProperty member, JsonContainerContract containerContract, JsonProperty containerProperty)
   at Newtonsoft.Json.Serialization.JsonSerializerInternalWriter.SerializeObject(JsonWriter writer, Object value, JsonObjectContract contract, JsonProperty member, JsonContainerContract collectionContract, JsonProperty containerProperty)
   at Newtonsoft.Json.Serialization.JsonSerializerInternalWriter.SerializeValue(JsonWriter writer, Object value, JsonContract valueContract, JsonProperty member, JsonContainerContract containerContract, JsonProperty containerProperty)
   at Newtonsoft.Json.Serialization.JsonSerializerInternalWriter.SerializeObject(JsonWriter writer, Object value, JsonObjectContract contract, JsonProperty member, JsonContainerContract collectionContract, JsonProperty containerProperty)
   at Newtonsoft.Json.Serialization.JsonSerializerInternalWriter.SerializeValue(JsonWriter writer, Object value, JsonContract valueContract, JsonProperty member, JsonContainerContract containerContract, JsonProperty containerProperty)
   at Newtonsoft.Json.Serialization.JsonSerializerInternalWriter.SerializeList(JsonWriter writer, IEnumerable values, JsonArrayContract contract, JsonProperty member, JsonContainerContract collectionContract, JsonProperty containerProperty)
   at Newtonsoft.Json.Serialization.JsonSerializerInternalWriter.SerializeValue(JsonWriter writer, Object value, JsonContract valueContract, JsonProperty member, JsonContainerContract containerContract, JsonProperty containerProperty)
   at Newtonsoft.Json.Serialization.JsonSerializerInternalWriter.Serialize(JsonWriter jsonWriter, Object value, Type objectType)
   at Newtonsoft.Json.JsonSerializer.SerializeInternal(JsonWriter jsonWriter, Object value, Type objectType)
   at Newtonsoft.Json.JsonSerializer.Serialize(JsonWriter jsonWriter, Object value)
   at Microsoft.AspNetCore.Mvc.Formatters.JsonOutputFormatter.WriteObject(TextWriter writer, Object value)
   at Microsoft.AspNetCore.Mvc.Formatters.JsonOutputFormatter.WriteResponseBodyAsync(OutputFormatterWriteContext context, Encoding selectedEncoding)
   at Microsoft.AspNetCore.Mvc.Internal.ResourceInvoker.InvokeResultAsync(IActionResult result)
   at Microsoft.AspNetCore.Mvc.Internal.ResourceInvoker.InvokeNextResultFilterAsync[TFilter,TFilterAsync]()
   at Microsoft.AspNetCore.Mvc.Internal.ResourceInvoker.Rethrow(ResultExecutedContext context)
   at Microsoft.AspNetCore.Mvc.Internal.ResourceInvoker.ResultNext[TFilter,TFilterAsync](State& next, Scope& scope, Object& state, Boolean& isCompleted)
   at Microsoft.AspNetCore.Mvc.Internal.ResourceInvoker.InvokeResultFilters()
   at Microsoft.AspNetCore.Mvc.Internal.ResourceInvoker.InvokeNextResourceFilter()
   at Microsoft.AspNetCore.Mvc.Internal.ResourceInvoker.Rethrow(ResourceExecutedContext context)
   at Microsoft.AspNetCore.Mvc.Internal.ResourceInvoker.Next(State& next, Scope& scope, Object& state, Boolean& isCompleted)
   at Microsoft.AspNetCore.Mvc.Internal.ResourceInvoker.InvokeFilterPipelineAsync()
   at Microsoft.AspNetCore.Mvc.Internal.ResourceInvoker.InvokeAsync()
   at Microsoft.AspNetCore.Routing.EndpointMiddleware.Invoke(HttpContext httpContext)
   at Microsoft.AspNetCore.Routing.EndpointRoutingMiddleware.Invoke(HttpContext httpContext)
   at Microsoft.AspNetCore.Diagnostics.DeveloperExceptionPageMiddleware.Invoke(HttpContext context)
warn: Microsoft.AspNetCore.Diagnostics.DeveloperExceptionPageMiddleware[2]
      The response has already started, the error page middleware will not be executed.
fail: Microsoft.AspNetCore.Server.Kestrel[13]
      Connection id "0HLL9GGJJRAHC", Request id "0HLL9GGJJRAHC:00000002": An unhandled exception was thrown by the application.
Newtonsoft.Json.JsonSerializationException: Self referencing loop detected with type 'GaminRoom.Domain.Models.Transfer'. Path '[0].receiver.incoming'.
   at Newtonsoft.Json.Serialization.JsonSerializerInternalWriter.CheckForCircularReference(JsonWriter writer, Object value, JsonProperty property, JsonContract contract, JsonContainerContract containerContract, JsonProperty containerProperty)
   at Newtonsoft.Json.Serialization.JsonSerializerInternalWriter.SerializeList(JsonWriter writer, IEnumerable values, JsonArrayContract contract, JsonProperty member, JsonContainerContract collectionContract, JsonProperty containerProperty)
   at Newtonsoft.Json.Serialization.JsonSerializerInternalWriter.SerializeValue(JsonWriter writer, Object value, JsonContract valueContract, JsonProperty member, JsonContainerContract containerContract, JsonProperty containerProperty)
   at Newtonsoft.Json.Serialization.JsonSerializerInternalWriter.SerializeObject(JsonWriter writer, Object value, JsonObjectContract contract, JsonProperty member, JsonContainerContract collectionContract, JsonProperty containerProperty)
   at Newtonsoft.Json.Serialization.JsonSerializerInternalWriter.SerializeValue(JsonWriter writer, Object value, JsonContract valueContract, JsonProperty member, JsonContainerContract containerContract, JsonProperty containerProperty)
   at Newtonsoft.Json.Serialization.JsonSerializerInternalWriter.SerializeObject(JsonWriter writer, Object value, JsonObjectContract contract, JsonProperty member, JsonContainerContract collectionContract, JsonProperty containerProperty)
   at Newtonsoft.Json.Serialization.JsonSerializerInternalWriter.SerializeValue(JsonWriter writer, Object value, JsonContract valueContract, JsonProperty member, JsonContainerContract containerContract, JsonProperty containerProperty)
   at Newtonsoft.Json.Serialization.JsonSerializerInternalWriter.SerializeList(JsonWriter writer, IEnumerable values, JsonArrayContract contract, JsonProperty member, JsonContainerContract collectionContract, JsonProperty containerProperty)
   at Newtonsoft.Json.Serialization.JsonSerializerInternalWriter.SerializeValue(JsonWriter writer, Object value, JsonContract valueContract, JsonProperty member, JsonContainerContract containerContract, JsonProperty containerProperty)
   at Newtonsoft.Json.Serialization.JsonSerializerInternalWriter.Serialize(JsonWriter jsonWriter, Object value, Type objectType)
   at Newtonsoft.Json.JsonSerializer.SerializeInternal(JsonWriter jsonWriter, Object value, Type objectType)
   at Newtonsoft.Json.JsonSerializer.Serialize(JsonWriter jsonWriter, Object value)
   at Microsoft.AspNetCore.Mvc.Formatters.JsonOutputFormatter.WriteObject(TextWriter writer, Object value)
   at Microsoft.AspNetCore.Mvc.Formatters.JsonOutputFormatter.WriteResponseBodyAsync(OutputFormatterWriteContext context, Encoding selectedEncoding)
   at Microsoft.AspNetCore.Mvc.Internal.ResourceInvoker.InvokeResultAsync(IActionResult result)
   at Microsoft.AspNetCore.Mvc.Internal.ResourceInvoker.InvokeNextResultFilterAsync[TFilter,TFilterAsync]()
   at Microsoft.AspNetCore.Mvc.Internal.ResourceInvoker.Rethrow(ResultExecutedContext context)
   at Microsoft.AspNetCore.Mvc.Internal.ResourceInvoker.ResultNext[TFilter,TFilterAsync](State& next, Scope& scope, Object& state, Boolean& isCompleted)
   at Microsoft.AspNetCore.Mvc.Internal.ResourceInvoker.InvokeResultFilters()
   at Microsoft.AspNetCore.Mvc.Internal.ResourceInvoker.InvokeNextResourceFilter()
   at Microsoft.AspNetCore.Mvc.Internal.ResourceInvoker.Rethrow(ResourceExecutedContext context)
   at Microsoft.AspNetCore.Mvc.Internal.ResourceInvoker.Next(State& next, Scope& scope, Object& state, Boolean& isCompleted)
   at Microsoft.AspNetCore.Mvc.Internal.ResourceInvoker.InvokeFilterPipelineAsync()
   at Microsoft.AspNetCore.Mvc.Internal.ResourceInvoker.InvokeAsync()
   at Microsoft.AspNetCore.Routing.EndpointMiddleware.Invoke(HttpContext httpContext)
   at Microsoft.AspNetCore.Routing.EndpointRoutingMiddleware.Invoke(HttpContext httpContext)
   at Microsoft.AspNetCore.Diagnostics.DeveloperExceptionPageMiddleware.Invoke(HttpContext context)
   at Microsoft.AspNetCore.Diagnostics.DeveloperExceptionPageMiddleware.Invoke(HttpContext context)
   at Microsoft.AspNetCore.StaticFiles.StaticFileMiddleware.Invoke(HttpContext context)
   at Swashbuckle.AspNetCore.SwaggerUI.SwaggerUIMiddleware.Invoke(HttpContext httpContext)
   at Swashbuckle.AspNetCore.Swagger.SwaggerMiddleware.Invoke(HttpContext httpContext, ISwaggerProvider swaggerProvider)
   at Microsoft.AspNetCore.Server.IISIntegration.IISMiddleware.Invoke(HttpContext httpContext)
   at Microsoft.AspNetCore.Server.Kestrel.Core.Internal.Http.HttpProtocol.ProcessRequests[TContext](IHttpApplication`1 application)
info: Microsoft.AspNetCore.Hosting.Internal.WebHost[2]
      Request finished in 4124.09ms 200 application/json; charset=utf-8
info: Microsoft.AspNetCore.Hosting.Internal.WebHost[1]
      Request starting HTTP/1.1 GET http://localhost:30000/api/Transfer  
info: Microsoft.AspNetCore.Routing.EndpointMiddleware[0]
      Executing endpoint 'GamingRoom.Controllers.TransferController.Get (GamingRoom)'
info: Microsoft.AspNetCore.Mvc.Internal.ControllerActionInvoker[1]
      Route matched with {action = "Get", controller = "Transfer"}. Executing action GamingRoom.Controllers.TransferController.Get (GamingRoom)
info: Microsoft.EntityFrameworkCore.Infrastructure[10403]
      Entity Framework Core 2.2.2-servicing-10034 initialized 'GamingRoomContext' using provider 'Microsoft.EntityFrameworkCore.SqlServer' with options: None
info: Microsoft.EntityFrameworkCore.Database.Command[20101]
      Executed DbCommand (67ms) [Parameters=[], CommandType='Text', CommandTimeout='30']
      SELECT [x].[Id], [x].[AddedFromLastBonus], [x].[Coins], [x].[Email], [x].[FirstName], [x].[LastName], [x].[Password], [x].[Salt], [x].[Token], [x].[Username]
      FROM [Users] AS [x]
      ORDER BY [x].[Id]
info: Microsoft.EntityFrameworkCore.Database.Command[20101]
      Executed DbCommand (58ms) [Parameters=[], CommandType='Text', CommandTimeout='30']
      SELECT [x.Outgoing].[Id], [x.Outgoing].[Coins], [x.Outgoing].[ReceiverId], [x.Outgoing].[SenderId], [x.Outgoing].[TransferDate]
      FROM [Transfers] AS [x.Outgoing]
      INNER JOIN (
          SELECT [x0].[Id]
          FROM [Users] AS [x0]
      ) AS [t] ON [x.Outgoing].[SenderId] = [t].[Id]
      ORDER BY [t].[Id]
info: Microsoft.EntityFrameworkCore.Database.Command[20101]
      Executed DbCommand (47ms) [Parameters=[], CommandType='Text', CommandTimeout='30']
      SELECT [x.Incoming].[Id], [x.Incoming].[Coins], [x.Incoming].[ReceiverId], [x.Incoming].[SenderId], [x.Incoming].[TransferDate]
      FROM [Transfers] AS [x.Incoming]
      INNER JOIN (
          SELECT [x1].[Id]
          FROM [Users] AS [x1]
      ) AS [t0] ON [x.Incoming].[ReceiverId] = [t0].[Id]
      ORDER BY [t0].[Id]
info: Microsoft.EntityFrameworkCore.Database.Command[20101]
      Executed DbCommand (50ms) [Parameters=[], CommandType='Text', CommandTimeout='30']
      SELECT [x].[Id], [x].[Coins], [x].[ReceiverId], [x].[SenderId], [x].[TransferDate], [x.Sender].[Id], [x.Sender].[AddedFromLastBonus], [x.Sender].[Coins], [x.Sender].[Email], [x.Sender].[FirstName], [x.Sender].[LastName], [x.Sender].[Password], [x.Sender].[Salt], [x.Sender].[Token], [x.Sender].[Username], [x.Receiver].[Id], [x.Receiver].[AddedFromLastBonus], [x.Receiver].[Coins], [x.Receiver].[Email], [x.Receiver].[FirstName], [x.Receiver].[LastName], [x.Receiver].[Password], [x.Receiver].[Salt], [x.Receiver].[Token], [x.Receiver].[Username]
      FROM [Transfers] AS [x]
      INNER JOIN [Users] AS [x.Sender] ON [x].[SenderId] = [x.Sender].[Id]
      INNER JOIN [Users] AS [x.Receiver] ON [x].[ReceiverId] = [x.Receiver].[Id]
info: Microsoft.EntityFrameworkCore.Database.Command[20101]
      Executed DbCommand (44ms) [Parameters=[], CommandType='Text', CommandTimeout='30']
      SELECT [x].[Id], [x].[Code], [x].[Coins], [x].[Hours], [x].[TransactionDate], [x].[UserId], [x.User].[Id], [x.User].[AddedFromLastBonus], [x.User].[Coins], [x.User].[Email], [x.User].[FirstName], [x.User].[LastName], [x.User].[Password], [x.User].[Salt], [x.User].[Token], [x.User].[Username]
      FROM [Transactions] AS [x]
      INNER JOIN [Users] AS [x.User] ON [x].[UserId] = [x.User].[Id]
info: Microsoft.EntityFrameworkCore.Database.Command[20101]
      Executed DbCommand (52ms) [Parameters=[], CommandType='Text', CommandTimeout='30']
      SELECT [x].[Id], [x].[DateExpired], [x].[GeneratedCode], [x].[UserId], [x.User].[Id], [x.User].[AddedFromLastBonus], [x.User].[Coins], [x.User].[Email], [x.User].[FirstName], [x.User].[LastName], [x.User].[Password], [x.User].[Salt], [x.User].[Token], [x.User].[Username]
      FROM [Codes] AS [x]
      INNER JOIN [Users] AS [x.User] ON [x].[UserId] = [x.User].[Id]
info: Microsoft.AspNetCore.Mvc.Internal.ControllerActionInvoker[1]
      Executing action method GamingRoom.Controllers.TransferController.Get (GamingRoom) - Validation state: Valid
