info: Microsoft.AspNetCore.DataProtection.KeyManagement.XmlKeyManager[0]
      User profile is available. Using 'C:\Users\Gutic\AppData\Local\ASP.NET\DataProtection-Keys' as key repository and Windows DPAPI to encrypt keys at rest.
Hosting environment: Development
Content root path: D:\Repos\GamingRoomSolution\GamingRoom
Now listening on: http://127.0.0.1:31743
Application started. Press Ctrl+C to shut down.
info: Microsoft.AspNetCore.Hosting.Internal.WebHost[1]
      Request starting HTTP/1.1 DEBUG http://localhost:57728/  0
info: Microsoft.AspNetCore.Hosting.Internal.WebHost[1]
      Request starting HTTP/1.1 GET http://localhost:44363/swagger/index.html  
info: Microsoft.AspNetCore.Hosting.Internal.WebHost[2]
      Request finished in 33.2095ms 200 
info: Microsoft.AspNetCore.Hosting.Internal.WebHost[2]
      Request finished in 171.1008ms 200 text/html
info: Microsoft.AspNetCore.Hosting.Internal.WebHost[1]
      Request starting HTTP/1.1 GET http://localhost:44363/swagger/v1/swagger.json  
info: Microsoft.AspNetCore.Hosting.Internal.WebHost[2]
      Request finished in 215.8227ms 200 application/json;charset=utf-8
info: Microsoft.AspNetCore.Hosting.Internal.WebHost[1]
      Request starting HTTP/1.1 POST http://localhost:44363/api/Account/login application/json-patch+json 50
info: Microsoft.AspNetCore.Routing.EndpointMiddleware[0]
      Executing endpoint 'GamingRoom.Controllers.AccountController.Login (GamingRoom)'
info: Microsoft.AspNetCore.Mvc.Internal.ControllerActionInvoker[1]
      Route matched with {action = "Login", controller = "Account"}. Executing action GamingRoom.Controllers.AccountController.Login (GamingRoom)
info: Microsoft.AspNetCore.Hosting.Internal.WebHost[1]
      Request starting HTTP/1.1 POST http://localhost:44363/api/Account/login application/json-patch+json 50
info: Microsoft.AspNetCore.Routing.EndpointMiddleware[0]
      Executing endpoint 'GamingRoom.Controllers.AccountController.Login (GamingRoom)'
info: Microsoft.AspNetCore.Mvc.Internal.ControllerActionInvoker[1]
      Route matched with {action = "Login", controller = "Account"}. Executing action GamingRoom.Controllers.AccountController.Login (GamingRoom)
info: Microsoft.EntityFrameworkCore.Infrastructure[10403]
      Entity Framework Core 2.2.2-servicing-10034 initialized 'GamingRoomContext' using provider 'Microsoft.EntityFrameworkCore.SqlServer' with options: None
info: Microsoft.EntityFrameworkCore.Infrastructure[10403]
      Entity Framework Core 2.2.2-servicing-10034 initialized 'GamingRoomContext' using provider 'Microsoft.EntityFrameworkCore.SqlServer' with options: None
info: Microsoft.EntityFrameworkCore.Database.Command[20101]
      Executed DbCommand (77ms) [Parameters=[], CommandType='Text', CommandTimeout='30']
      SELECT [u].[Id], [u].[AddedFromLastBonus], [u].[Coins], [u].[Email], [u].[FirstName], [u].[LastName], [u].[Password], [u].[Token], [u].[Username]
      FROM [Users] AS [u]
info: Microsoft.EntityFrameworkCore.Database.Command[20101]
      Executed DbCommand (44ms) [Parameters=[], CommandType='Text', CommandTimeout='30']
      SELECT [u].[Id], [u].[AddedFromLastBonus], [u].[Coins], [u].[Email], [u].[FirstName], [u].[LastName], [u].[Password], [u].[Token], [u].[Username]
      FROM [Users] AS [u]
info: Microsoft.EntityFrameworkCore.Database.Command[20101]
      Executed DbCommand (77ms) [Parameters=[], CommandType='Text', CommandTimeout='30']
      SELECT [t].[Id], [t].[Coins], [t].[ReceiverId], [t].[SenderId], [t].[TransferDate]
      FROM [Transfers] AS [t]
info: Microsoft.EntityFrameworkCore.Database.Command[20101]
      Executed DbCommand (77ms) [Parameters=[], CommandType='Text', CommandTimeout='30']
      SELECT [t].[Id], [t].[Coins], [t].[ReceiverId], [t].[SenderId], [t].[TransferDate]
      FROM [Transfers] AS [t]
info: Microsoft.EntityFrameworkCore.Database.Command[20101]
      Executed DbCommand (42ms) [Parameters=[], CommandType='Text', CommandTimeout='30']
      SELECT [t].[Id], [t].[Code], [t].[Coins], [t].[Hours], [t].[TransactionDate], [t].[UserId]
      FROM [Transactions] AS [t]
info: Microsoft.EntityFrameworkCore.Database.Command[20101]
      Executed DbCommand (42ms) [Parameters=[], CommandType='Text', CommandTimeout='30']
      SELECT [t].[Id], [t].[Code], [t].[Coins], [t].[Hours], [t].[TransactionDate], [t].[UserId]
      FROM [Transactions] AS [t]
info: Microsoft.EntityFrameworkCore.Database.Command[20101]
      Executed DbCommand (61ms) [Parameters=[], CommandType='Text', CommandTimeout='30']
      SELECT [c].[Id], [c].[DateExpired], [c].[GeneratedCode], [c].[UserId]
      FROM [Codes] AS [c]
info: Microsoft.EntityFrameworkCore.Database.Command[20101]
      Executed DbCommand (61ms) [Parameters=[], CommandType='Text', CommandTimeout='30']
      SELECT [c].[Id], [c].[DateExpired], [c].[GeneratedCode], [c].[UserId]
      FROM [Codes] AS [c]
info: Microsoft.AspNetCore.Mvc.Internal.ControllerActionInvoker[1]
      Executing action method GamingRoom.Controllers.AccountController.Login (GamingRoom) with arguments (GaminRoom.Domain.Dto.LoginDto) - Validation state: Valid
info: Microsoft.AspNetCore.Mvc.Internal.ControllerActionInvoker[1]
      Executing action method GamingRoom.Controllers.AccountController.Login (GamingRoom) with arguments (GaminRoom.Domain.Dto.LoginDto) - Validation state: Valid
info: Microsoft.AspNetCore.Mvc.Internal.ControllerActionInvoker[2]
      Executed action method GamingRoom.Controllers.AccountController.Login (GamingRoom), returned result Microsoft.AspNetCore.Mvc.ObjectResult in 165723.6316ms.
info: Microsoft.AspNetCore.Mvc.Infrastructure.ObjectResultExecutor[1]
      Executing ObjectResult, writing value of type 'System.String'.
info: Microsoft.AspNetCore.Mvc.Internal.ControllerActionInvoker[2]
      Executed action GamingRoom.Controllers.AccountController.Login (GamingRoom) in 173860.1007ms
info: Microsoft.AspNetCore.Routing.EndpointMiddleware[1]
      Executed endpoint 'GamingRoom.Controllers.AccountController.Login (GamingRoom)'
