info: Microsoft.AspNetCore.DataProtection.KeyManagement.XmlKeyManager[0]
      User profile is available. Using 'C:\Users\Gutic\AppData\Local\ASP.NET\DataProtection-Keys' as key repository and Windows DPAPI to encrypt keys at rest.
Hosting environment: Development
Content root path: D:\Repos\GamingRoomSolution\GamingRoom
Now listening on: http://127.0.0.1:17254
Application started. Press Ctrl+C to shut down.
info: Microsoft.AspNetCore.Hosting.Internal.WebHost[1]
      Request starting HTTP/1.1 GET http://localhost:44363/  
info: Microsoft.AspNetCore.Hosting.Internal.WebHost[2]
      Request finished in 76.5098ms 404 
info: Microsoft.AspNetCore.Hosting.Internal.WebHost[1]
      Request starting HTTP/1.1 GET http://localhost:44363/swagger/index.html  
info: Microsoft.AspNetCore.Hosting.Internal.WebHost[2]
      Request finished in 79.184ms 200 text/html
info: Microsoft.AspNetCore.Hosting.Internal.WebHost[1]
      Request starting HTTP/1.1 GET http://localhost:44363/swagger/v1/swagger.json  
info: Microsoft.AspNetCore.Hosting.Internal.WebHost[1]
      Request starting HTTP/1.1 GET http://localhost:44363/swagger/favicon-32x32.png  
info: Microsoft.AspNetCore.StaticFiles.StaticFileMiddleware[2]
      Sending file. Request path: '/favicon-32x32.png'. Physical path: 'N/A'
info: Microsoft.AspNetCore.Hosting.Internal.WebHost[2]
      Request finished in 10.6637ms 200 image/png
info: Microsoft.AspNetCore.Hosting.Internal.WebHost[2]
      Request finished in 165.4856ms 200 application/json;charset=utf-8
info: Microsoft.AspNetCore.Hosting.Internal.WebHost[1]
      Request starting HTTP/1.1 GET http://localhost:44363/api/User/topplayers  
info: Microsoft.AspNetCore.Routing.EndpointMiddleware[0]
      Executing endpoint 'GamingRoom.Controllers.UserController.TopPlayers (GamingRoom)'
info: Microsoft.AspNetCore.Mvc.Internal.ControllerActionInvoker[1]
      Route matched with {action = "TopPlayers", controller = "User"}. Executing action GamingRoom.Controllers.UserController.TopPlayers (GamingRoom)
info: Microsoft.EntityFrameworkCore.Infrastructure[10403]
      Entity Framework Core 2.2.2-servicing-10034 initialized 'GamingRoomContext' using provider 'Microsoft.EntityFrameworkCore.SqlServer' with options: None
info: Microsoft.EntityFrameworkCore.Database.Command[20101]
      Executed DbCommand (45ms) [Parameters=[], CommandType='Text', CommandTimeout='30']
      SELECT [u].[Id], [u].[AddedFromLastBonus], [u].[Coins], [u].[Email], [u].[FirstName], [u].[LastName], [u].[Password], [u].[Username]
      FROM [Users] AS [u]
info: Microsoft.EntityFrameworkCore.Database.Command[20101]
      Executed DbCommand (38ms) [Parameters=[], CommandType='Text', CommandTimeout='30']
      SELECT [t].[Id], [t].[Coins], [t].[ReceiverId], [t].[SenderId], [t].[TransferDate]
      FROM [Transfers] AS [t]
info: Microsoft.EntityFrameworkCore.Database.Command[20101]
      Executed DbCommand (44ms) [Parameters=[], CommandType='Text', CommandTimeout='30']
      SELECT [t].[Id], [t].[Code], [t].[Coins], [t].[Hours], [t].[TransactionDate], [t].[UserId]
      FROM [Transactions] AS [t]
info: Microsoft.EntityFrameworkCore.Database.Command[20101]
      Executed DbCommand (39ms) [Parameters=[], CommandType='Text', CommandTimeout='30']
      SELECT [c].[Id], [c].[DateExpired], [c].[GeneratedCode], [c].[UserId]
      FROM [Codes] AS [c]
info: Microsoft.AspNetCore.Mvc.Internal.ControllerActionInvoker[1]
      Executing action method GamingRoom.Controllers.UserController.TopPlayers (GamingRoom) - Validation state: Valid
info: Microsoft.AspNetCore.Mvc.Internal.ControllerActionInvoker[2]
      Executed action method GamingRoom.Controllers.UserController.TopPlayers (GamingRoom), returned result Microsoft.AspNetCore.Mvc.OkObjectResult in 9.2929ms.
info: Microsoft.AspNetCore.Mvc.Infrastructure.ObjectResultExecutor[1]
      Executing ObjectResult, writing value of type 'System.Collections.Generic.List`1[[System.Object, System.Private.CoreLib, Version=4.0.0.0, Culture=neutral, PublicKeyToken=7cec85d7bea7798e]]'.
info: Microsoft.AspNetCore.Mvc.Internal.ControllerActionInvoker[2]
      Executed action GamingRoom.Controllers.UserController.TopPlayers (GamingRoom) in 1846.4697ms
info: Microsoft.AspNetCore.Routing.EndpointMiddleware[1]
      Executed endpoint 'GamingRoom.Controllers.UserController.TopPlayers (GamingRoom)'
info: Microsoft.AspNetCore.Hosting.Internal.WebHost[2]
      Request finished in 1866.9569ms 200 application/json; charset=utf-8
